<?xml version="1.0" encoding="UTF-8"?>
<testsuite xmlns:xsi="http://www.w3.org/2001/XMLSchema-instance" xsi:noNamespaceSchemaLocation="https://maven.apache.org/surefire/maven-surefire-plugin/xsd/surefire-test-report-3.0.xsd" version="3.0" name="main.AssetSetterTest" time="0.2" tests="4" errors="0" skipped="0" failures="0">
  <properties>
    <property name="java.specification.version" value="19"/>
    <property name="sun.jnu.encoding" value="UTF-8"/>
    <property name="sun.awt.enableExtraMouseButtons" value="true"/>
    <property name="java.class.path" value="/home/connortuna/.m2/repository/org/apache/maven/surefire/surefire-booter/3.0.0-M7/surefire-booter-3.0.0-M7.jar:/home/connortuna/.m2/repository/org/apache/maven/surefire/surefire-api/3.0.0-M7/surefire-api-3.0.0-M7.jar:/home/connortuna/.m2/repository/org/apache/maven/surefire/surefire-logger-api/3.0.0-M7/surefire-logger-api-3.0.0-M7.jar:/home/connortuna/.m2/repository/org/apache/maven/surefire/surefire-shared-utils/3.0.0-M7/surefire-shared-utils-3.0.0-M7.jar:/home/connortuna/.m2/repository/org/apache/maven/surefire/surefire-extensions-spi/3.0.0-M7/surefire-extensions-spi-3.0.0-M7.jar:/home/connortuna/project/Phase2/target/test-classes:/home/connortuna/project/Phase2/target/classes:/home/connortuna/.m2/repository/org/testng/testng/7.6.1/testng-7.6.1.jar:/home/connortuna/.m2/repository/com/google/code/findbugs/jsr305/3.0.2/jsr305-3.0.2.jar:/home/connortuna/.m2/repository/com/beust/jcommander/1.82/jcommander-1.82.jar:/home/connortuna/.m2/repository/org/webjars/jquery/3.6.0/jquery-3.6.0.jar:/home/connortuna/.m2/repository/org/junit/jupiter/junit-jupiter/5.9.0/junit-jupiter-5.9.0.jar:/home/connortuna/.m2/repository/org/junit/jupiter/junit-jupiter-api/5.9.0/junit-jupiter-api-5.9.0.jar:/home/connortuna/.m2/repository/org/opentest4j/opentest4j/1.2.0/opentest4j-1.2.0.jar:/home/connortuna/.m2/repository/org/junit/platform/junit-platform-commons/1.9.0/junit-platform-commons-1.9.0.jar:/home/connortuna/.m2/repository/org/apiguardian/apiguardian-api/1.1.2/apiguardian-api-1.1.2.jar:/home/connortuna/.m2/repository/org/junit/jupiter/junit-jupiter-params/5.9.0/junit-jupiter-params-5.9.0.jar:/home/connortuna/.m2/repository/org/junit/jupiter/junit-jupiter-engine/5.9.0/junit-jupiter-engine-5.9.0.jar:/home/connortuna/.m2/repository/org/junit/platform/junit-platform-engine/1.9.0/junit-platform-engine-1.9.0.jar:/home/connortuna/.m2/repository/org/slf4j/slf4j-api/2.0.3/slf4j-api-2.0.3.jar:/home/connortuna/.m2/repository/org/slf4j/slf4j-simple/2.0.3/slf4j-simple-2.0.3.jar:/home/connortuna/.m2/repository/org/apache/maven/plugins/maven-project-info-reports-plugin/3.4.1/maven-project-info-reports-plugin-3.4.1.jar:/home/connortuna/.m2/repository/org/apache/maven/reporting/maven-reporting-api/3.1.1/maven-reporting-api-3.1.1.jar:/home/connortuna/.m2/repository/org/apache/maven/reporting/maven-reporting-impl/3.2.0/maven-reporting-impl-3.2.0.jar:/home/connortuna/.m2/repository/org/apache/maven/maven-artifact/3.1.0/maven-artifact-3.1.0.jar:/home/connortuna/.m2/repository/org/apache/maven/maven-plugin-api/3.1.0/maven-plugin-api-3.1.0.jar:/home/connortuna/.m2/repository/org/eclipse/sisu/org.eclipse.sisu.plexus/0.0.0.M2a/org.eclipse.sisu.plexus-0.0.0.M2a.jar:/home/connortuna/.m2/repository/javax/enterprise/cdi-api/1.0/cdi-api-1.0.jar:/home/connortuna/.m2/repository/javax/annotation/jsr250-api/1.0/jsr250-api-1.0.jar:/home/connortuna/.m2/repository/javax/inject/javax.inject/1/javax.inject-1.jar:/home/connortuna/.m2/repository/com/google/guava/guava/10.0.1/guava-10.0.1.jar:/home/connortuna/.m2/repository/org/sonatype/sisu/sisu-guice/3.1.0/sisu-guice-3.1.0-no_aop.jar:/home/connortuna/.m2/repository/aopalliance/aopalliance/1.0/aopalliance-1.0.jar:/home/connortuna/.m2/repository/org/eclipse/sisu/org.eclipse.sisu.inject/0.0.0.M2a/org.eclipse.sisu.inject-0.0.0.M2a.jar:/home/connortuna/.m2/repository/asm/asm/3.3.1/asm-3.3.1.jar:/home/connortuna/.m2/repository/org/apache/maven/shared/maven-dependency-tree/3.1.1/maven-dependency-tree-3.1.1.jar:/home/connortuna/.m2/repository/org/apache/maven/maven-core/3.0.5/maven-core-3.0.5.jar:/home/connortuna/.m2/repository/org/apache/maven/maven-settings/3.0.5/maven-settings-3.0.5.jar:/home/connortuna/.m2/repository/org/apache/maven/maven-settings-builder/3.0.5/maven-settings-builder-3.0.5.jar:/home/connortuna/.m2/repository/org/apache/maven/maven-repository-metadata/3.0.5/maven-repository-metadata-3.0.5.jar:/home/connortuna/.m2/repository/org/apache/maven/maven-model-builder/3.0.5/maven-model-builder-3.0.5.jar:/home/connortuna/.m2/repository/org/apache/maven/maven-aether-provider/3.0.5/maven-aether-provider-3.0.5.jar:/home/connortuna/.m2/repository/org/sonatype/aether/aether-spi/1.13.1/aether-spi-1.13.1.jar:/home/connortuna/.m2/repository/org/sonatype/aether/aether-impl/1.13.1/aether-impl-1.13.1.jar:/home/connortuna/.m2/repository/org/sonatype/aether/aether-api/1.13.1/aether-api-1.13.1.jar:/home/connortuna/.m2/repository/org/sonatype/aether/aether-util/1.13.1/aether-util-1.13.1.jar:/home/connortuna/.m2/repository/org/sonatype/sisu/sisu-inject-plexus/2.3.0/sisu-inject-plexus-2.3.0.jar:/home/connortuna/.m2/repository/org/sonatype/sisu/sisu-inject-bean/2.3.0/sisu-inject-bean-2.3.0.jar:/home/connortuna/.m2/repository/org/codehaus/plexus/plexus-classworlds/2.4/plexus-classworlds-2.4.jar:/home/connortuna/.m2/repository/org/sonatype/plexus/plexus-sec-dispatcher/1.3/plexus-sec-dispatcher-1.3.jar:/home/connortuna/.m2/repository/org/sonatype/plexus/plexus-cipher/1.4/plexus-cipher-1.4.jar:/home/connortuna/.m2/repository/org/eclipse/aether/aether-util/1.1.0/aether-util-1.1.0.jar:/home/connortuna/.m2/repository/org/apache/maven/shared/maven-shared-utils/3.3.4/maven-shared-utils-3.3.4.jar:/home/connortuna/.m2/repository/org/apache/maven/shared/maven-shared-jar/1.2/maven-shared-jar-1.2.jar:/home/connortuna/.m2/repository/org/codehaus/plexus/plexus-digest/1.0/plexus-digest-1.0.jar:/home/connortuna/.m2/repository/commons-collections/commons-collections/3.1/commons-collections-3.1.jar:/home/connortuna/.m2/repository/org/apache/bcel/bcel/6.5.0/bcel-6.5.0.jar:/home/connortuna/.m2/repository/org/eclipse/aether/aether-api/1.0.0.v20140518/aether-api-1.0.0.v20140518.jar:/home/connortuna/.m2/repository/org/apache/maven/shared/maven-common-artifact-filters/3.3.0/maven-common-artifact-filters-3.3.0.jar:/home/connortuna/.m2/repository/org/apache/maven/shared/maven-artifact-transfer/0.13.1/maven-artifact-transfer-0.13.1.jar:/home/connortuna/.m2/repository/org/codehaus/plexus/plexus-component-annotations/2.0.0/plexus-component-annotations-2.0.0.jar:/home/connortuna/.m2/repository/org/apache/maven/scm/maven-scm-api/1.13.0/maven-scm-api-1.13.0.jar:/home/connortuna/.m2/repository/org/apache/maven/scm/maven-scm-manager-plexus/1.13.0/maven-scm-manager-plexus-1.13.0.jar:/home/connortuna/.m2/repository/org/apache/maven/scm/maven-scm-provider-hg/1.13.0/maven-scm-provider-hg-1.13.0.jar:/home/connortuna/.m2/repository/org/apache/maven/scm/maven-scm-provider-perforce/1.13.0/maven-scm-provider-perforce-1.13.0.jar:/home/connortuna/.m2/repository/org/apache/maven/scm/maven-scm-provider-starteam/1.13.0/maven-scm-provider-starteam-1.13.0.jar:/home/connortuna/.m2/repository/org/apache/maven/scm/maven-scm-provider-svn-commons/1.13.0/maven-scm-provider-svn-commons-1.13.0.jar:/home/connortuna/.m2/repository/org/apache/maven/scm/maven-scm-provider-svnexe/1.13.0/maven-scm-provider-svnexe-1.13.0.jar:/home/connortuna/.m2/repository/commons-lang/commons-lang/2.6/commons-lang-2.6.jar:/home/connortuna/.m2/repository/org/apache/maven/scm/maven-scm-provider-cvs-commons/1.13.0/maven-scm-provider-cvs-commons-1.13.0.jar:/home/connortuna/.m2/repository/org/apache/maven/scm/maven-scm-provider-cvsexe/1.13.0/maven-scm-provider-cvsexe-1.13.0.jar:/home/connortuna/.m2/repository/org/apache/maven/scm/maven-scm-provider-cvsjava/1.13.0/maven-scm-provider-cvsjava-1.13.0.jar:/home/connortuna/.m2/repository/org/netbeans/lib/cvsclient/20060125/cvsclient-20060125.jar:/home/connortuna/.m2/repository/ch/ethz/ganymed/ganymed-ssh2/build210/ganymed-ssh2-build210.jar:/home/connortuna/.m2/repository/org/apache/maven/scm/maven-scm-provider-git-commons/1.13.0/maven-scm-provider-git-commons-1.13.0.jar:/home/connortuna/.m2/repository/org/apache/maven/scm/maven-scm-provider-gitexe/1.13.0/maven-scm-provider-gitexe-1.13.0.jar:/home/connortuna/.m2/repository/org/apache/maven/doxia/doxia-sink-api/1.11.1/doxia-sink-api-1.11.1.jar:/home/connortuna/.m2/repository/org/apache/maven/doxia/doxia-logging-api/1.11.1/doxia-logging-api-1.11.1.jar:/home/connortuna/.m2/repository/org/apache/maven/doxia/doxia-core/1.11.1/doxia-core-1.11.1.jar:/home/connortuna/.m2/repository/org/apache/commons/commons-lang3/3.8.1/commons-lang3-3.8.1.jar:/home/connortuna/.m2/repository/org/apache/commons/commons-text/1.3/commons-text-1.3.jar:/home/connortuna/.m2/repository/org/apache/httpcomponents/httpclient/4.5.13/httpclient-4.5.13.jar:/home/connortuna/.m2/repository/commons-codec/commons-codec/1.11/commons-codec-1.11.jar:/home/connortuna/.m2/repository/org/apache/httpcomponents/httpcore/4.4.14/httpcore-4.4.14.jar:/home/connortuna/.m2/repository/org/apache/maven/doxia/doxia-decoration-model/1.11.1/doxia-decoration-model-1.11.1.jar:/home/connortuna/.m2/repository/org/apache/maven/doxia/doxia-site-renderer/1.11.1/doxia-site-renderer-1.11.1.jar:/home/connortuna/.m2/repository/org/apache/maven/doxia/doxia-skin-model/1.11.1/doxia-skin-model-1.11.1.jar:/home/connortuna/.m2/repository/org/apache/maven/doxia/doxia-module-xhtml/1.11.1/doxia-module-xhtml-1.11.1.jar:/home/connortuna/.m2/repository/org/apache/maven/doxia/doxia-module-xhtml5/1.11.1/doxia-module-xhtml5-1.11.1.jar:/home/connortuna/.m2/repository/org/codehaus/plexus/plexus-velocity/1.2/plexus-velocity-1.2.jar:/home/connortuna/.m2/repository/org/apache/velocity/velocity/1.7/velocity-1.7.jar:/home/connortuna/.m2/repository/org/apache/velocity/velocity-tools/2.0/velocity-tools-2.0.jar:/home/connortuna/.m2/repository/commons-chain/commons-chain/1.1/commons-chain-1.1.jar:/home/connortuna/.m2/repository/dom4j/dom4j/1.1/dom4j-1.1.jar:/home/connortuna/.m2/repository/oro/oro/2.0.8/oro-2.0.8.jar:/home/connortuna/.m2/repository/org/apache/maven/doxia/doxia-integration-tools/1.11.1/doxia-integration-tools-1.11.1.jar:/home/connortuna/.m2/repository/org/apache/maven/maven-model/2.2.1/maven-model-2.2.1.jar:/home/connortuna/.m2/repository/org/codehaus/plexus/plexus-i18n/1.0-beta-10/plexus-i18n-1.0-beta-10.jar:/home/connortuna/.m2/repository/org/codehaus/plexus/plexus-utils/3.4.2/plexus-utils-3.4.2.jar:/home/connortuna/.m2/repository/org/codehaus/plexus/plexus-interpolation/1.26/plexus-interpolation-1.26.jar:/home/connortuna/.m2/repository/commons-validator/commons-validator/1.7/commons-validator-1.7.jar:/home/connortuna/.m2/repository/commons-beanutils/commons-beanutils/1.9.4/commons-beanutils-1.9.4.jar:/home/connortuna/.m2/repository/commons-digester/commons-digester/2.1/commons-digester-2.1.jar:/home/connortuna/.m2/repository/commons-logging/commons-logging/1.2/commons-logging-1.2.jar:/home/connortuna/.m2/repository/commons-io/commons-io/2.11.0/commons-io-2.11.0.jar:/home/connortuna/.m2/repository/org/apache/maven/surefire/surefire-junit-platform/3.0.0-M7/surefire-junit-platform-3.0.0-M7.jar:/home/connortuna/.m2/repository/org/apache/maven/surefire/common-java5/3.0.0-M7/common-java5-3.0.0-M7.jar:/home/connortuna/.m2/repository/org/junit/platform/junit-platform-launcher/1.9.0/junit-platform-launcher-1.9.0.jar"/>
    <property name="java.vm.vendor" value="Oracle Corporation"/>
    <property name="sun.arch.data.model" value="64"/>
    <property name="java.vendor.url" value="https://java.oracle.com/"/>
    <property name="os.name" value="Linux"/>
    <property name="java.vm.specification.version" value="19"/>
    <property name="sun.java.launcher" value="SUN_STANDARD"/>
    <property name="user.country" value="CA"/>
    <property name="sun.boot.library.path" value="/usr/lib/jvm/jdk-19/lib"/>
    <property name="sun.java.command" value="org.apache.maven.surefire.booter.ForkedBooter /home/connortuna/project/Phase2/target/surefire 2022-11-29T20-21-20_561-jvmRun2 surefire-20221129202120861_3tmp surefire_2-20221129202120861_5tmp"/>
    <property name="jdk.debug" value="release"/>
    <property name="surefire.test.class.path" value="/home/connortuna/project/Phase2/target/test-classes:/home/connortuna/project/Phase2/target/classes:/home/connortuna/.m2/repository/org/testng/testng/7.6.1/testng-7.6.1.jar:/home/connortuna/.m2/repository/com/google/code/findbugs/jsr305/3.0.2/jsr305-3.0.2.jar:/home/connortuna/.m2/repository/com/beust/jcommander/1.82/jcommander-1.82.jar:/home/connortuna/.m2/repository/org/webjars/jquery/3.6.0/jquery-3.6.0.jar:/home/connortuna/.m2/repository/org/junit/jupiter/junit-jupiter/5.9.0/junit-jupiter-5.9.0.jar:/home/connortuna/.m2/repository/org/junit/jupiter/junit-jupiter-api/5.9.0/junit-jupiter-api-5.9.0.jar:/home/connortuna/.m2/repository/org/opentest4j/opentest4j/1.2.0/opentest4j-1.2.0.jar:/home/connortuna/.m2/repository/org/junit/platform/junit-platform-commons/1.9.0/junit-platform-commons-1.9.0.jar:/home/connortuna/.m2/repository/org/apiguardian/apiguardian-api/1.1.2/apiguardian-api-1.1.2.jar:/home/connortuna/.m2/repository/org/junit/jupiter/junit-jupiter-params/5.9.0/junit-jupiter-params-5.9.0.jar:/home/connortuna/.m2/repository/org/junit/jupiter/junit-jupiter-engine/5.9.0/junit-jupiter-engine-5.9.0.jar:/home/connortuna/.m2/repository/org/junit/platform/junit-platform-engine/1.9.0/junit-platform-engine-1.9.0.jar:/home/connortuna/.m2/repository/org/slf4j/slf4j-api/2.0.3/slf4j-api-2.0.3.jar:/home/connortuna/.m2/repository/org/slf4j/slf4j-simple/2.0.3/slf4j-simple-2.0.3.jar:/home/connortuna/.m2/repository/org/apache/maven/plugins/maven-project-info-reports-plugin/3.4.1/maven-project-info-reports-plugin-3.4.1.jar:/home/connortuna/.m2/repository/org/apache/maven/reporting/maven-reporting-api/3.1.1/maven-reporting-api-3.1.1.jar:/home/connortuna/.m2/repository/org/apache/maven/reporting/maven-reporting-impl/3.2.0/maven-reporting-impl-3.2.0.jar:/home/connortuna/.m2/repository/org/apache/maven/maven-artifact/3.1.0/maven-artifact-3.1.0.jar:/home/connortuna/.m2/repository/org/apache/maven/maven-plugin-api/3.1.0/maven-plugin-api-3.1.0.jar:/home/connortuna/.m2/repository/org/eclipse/sisu/org.eclipse.sisu.plexus/0.0.0.M2a/org.eclipse.sisu.plexus-0.0.0.M2a.jar:/home/connortuna/.m2/repository/javax/enterprise/cdi-api/1.0/cdi-api-1.0.jar:/home/connortuna/.m2/repository/javax/annotation/jsr250-api/1.0/jsr250-api-1.0.jar:/home/connortuna/.m2/repository/javax/inject/javax.inject/1/javax.inject-1.jar:/home/connortuna/.m2/repository/com/google/guava/guava/10.0.1/guava-10.0.1.jar:/home/connortuna/.m2/repository/org/sonatype/sisu/sisu-guice/3.1.0/sisu-guice-3.1.0-no_aop.jar:/home/connortuna/.m2/repository/aopalliance/aopalliance/1.0/aopalliance-1.0.jar:/home/connortuna/.m2/repository/org/eclipse/sisu/org.eclipse.sisu.inject/0.0.0.M2a/org.eclipse.sisu.inject-0.0.0.M2a.jar:/home/connortuna/.m2/repository/asm/asm/3.3.1/asm-3.3.1.jar:/home/connortuna/.m2/repository/org/apache/maven/shared/maven-dependency-tree/3.1.1/maven-dependency-tree-3.1.1.jar:/home/connortuna/.m2/repository/org/apache/maven/maven-core/3.0.5/maven-core-3.0.5.jar:/home/connortuna/.m2/repository/org/apache/maven/maven-settings/3.0.5/maven-settings-3.0.5.jar:/home/connortuna/.m2/repository/org/apache/maven/maven-settings-builder/3.0.5/maven-settings-builder-3.0.5.jar:/home/connortuna/.m2/repository/org/apache/maven/maven-repository-metadata/3.0.5/maven-repository-metadata-3.0.5.jar:/home/connortuna/.m2/repository/org/apache/maven/maven-model-builder/3.0.5/maven-model-builder-3.0.5.jar:/home/connortuna/.m2/repository/org/apache/maven/maven-aether-provider/3.0.5/maven-aether-provider-3.0.5.jar:/home/connortuna/.m2/repository/org/sonatype/aether/aether-spi/1.13.1/aether-spi-1.13.1.jar:/home/connortuna/.m2/repository/org/sonatype/aether/aether-impl/1.13.1/aether-impl-1.13.1.jar:/home/connortuna/.m2/repository/org/sonatype/aether/aether-api/1.13.1/aether-api-1.13.1.jar:/home/connortuna/.m2/repository/org/sonatype/aether/aether-util/1.13.1/aether-util-1.13.1.jar:/home/connortuna/.m2/repository/org/sonatype/sisu/sisu-inject-plexus/2.3.0/sisu-inject-plexus-2.3.0.jar:/home/connortuna/.m2/repository/org/sonatype/sisu/sisu-inject-bean/2.3.0/sisu-inject-bean-2.3.0.jar:/home/connortuna/.m2/repository/org/codehaus/plexus/plexus-classworlds/2.4/plexus-classworlds-2.4.jar:/home/connortuna/.m2/repository/org/sonatype/plexus/plexus-sec-dispatcher/1.3/plexus-sec-dispatcher-1.3.jar:/home/connortuna/.m2/repository/org/sonatype/plexus/plexus-cipher/1.4/plexus-cipher-1.4.jar:/home/connortuna/.m2/repository/org/eclipse/aether/aether-util/1.1.0/aether-util-1.1.0.jar:/home/connortuna/.m2/repository/org/apache/maven/shared/maven-shared-utils/3.3.4/maven-shared-utils-3.3.4.jar:/home/connortuna/.m2/repository/org/apache/maven/shared/maven-shared-jar/1.2/maven-shared-jar-1.2.jar:/home/connortuna/.m2/repository/org/codehaus/plexus/plexus-digest/1.0/plexus-digest-1.0.jar:/home/connortuna/.m2/repository/commons-collections/commons-collections/3.1/commons-collections-3.1.jar:/home/connortuna/.m2/repository/org/apache/bcel/bcel/6.5.0/bcel-6.5.0.jar:/home/connortuna/.m2/repository/org/eclipse/aether/aether-api/1.0.0.v20140518/aether-api-1.0.0.v20140518.jar:/home/connortuna/.m2/repository/org/apache/maven/shared/maven-common-artifact-filters/3.3.0/maven-common-artifact-filters-3.3.0.jar:/home/connortuna/.m2/repository/org/apache/maven/shared/maven-artifact-transfer/0.13.1/maven-artifact-transfer-0.13.1.jar:/home/connortuna/.m2/repository/org/codehaus/plexus/plexus-component-annotations/2.0.0/plexus-component-annotations-2.0.0.jar:/home/connortuna/.m2/repository/org/apache/maven/scm/maven-scm-api/1.13.0/maven-scm-api-1.13.0.jar:/home/connortuna/.m2/repository/org/apache/maven/scm/maven-scm-manager-plexus/1.13.0/maven-scm-manager-plexus-1.13.0.jar:/home/connortuna/.m2/repository/org/apache/maven/scm/maven-scm-provider-hg/1.13.0/maven-scm-provider-hg-1.13.0.jar:/home/connortuna/.m2/repository/org/apache/maven/scm/maven-scm-provider-perforce/1.13.0/maven-scm-provider-perforce-1.13.0.jar:/home/connortuna/.m2/repository/org/apache/maven/scm/maven-scm-provider-starteam/1.13.0/maven-scm-provider-starteam-1.13.0.jar:/home/connortuna/.m2/repository/org/apache/maven/scm/maven-scm-provider-svn-commons/1.13.0/maven-scm-provider-svn-commons-1.13.0.jar:/home/connortuna/.m2/repository/org/apache/maven/scm/maven-scm-provider-svnexe/1.13.0/maven-scm-provider-svnexe-1.13.0.jar:/home/connortuna/.m2/repository/commons-lang/commons-lang/2.6/commons-lang-2.6.jar:/home/connortuna/.m2/repository/org/apache/maven/scm/maven-scm-provider-cvs-commons/1.13.0/maven-scm-provider-cvs-commons-1.13.0.jar:/home/connortuna/.m2/repository/org/apache/maven/scm/maven-scm-provider-cvsexe/1.13.0/maven-scm-provider-cvsexe-1.13.0.jar:/home/connortuna/.m2/repository/org/apache/maven/scm/maven-scm-provider-cvsjava/1.13.0/maven-scm-provider-cvsjava-1.13.0.jar:/home/connortuna/.m2/repository/org/netbeans/lib/cvsclient/20060125/cvsclient-20060125.jar:/home/connortuna/.m2/repository/ch/ethz/ganymed/ganymed-ssh2/build210/ganymed-ssh2-build210.jar:/home/connortuna/.m2/repository/org/apache/maven/scm/maven-scm-provider-git-commons/1.13.0/maven-scm-provider-git-commons-1.13.0.jar:/home/connortuna/.m2/repository/org/apache/maven/scm/maven-scm-provider-gitexe/1.13.0/maven-scm-provider-gitexe-1.13.0.jar:/home/connortuna/.m2/repository/org/apache/maven/doxia/doxia-sink-api/1.11.1/doxia-sink-api-1.11.1.jar:/home/connortuna/.m2/repository/org/apache/maven/doxia/doxia-logging-api/1.11.1/doxia-logging-api-1.11.1.jar:/home/connortuna/.m2/repository/org/apache/maven/doxia/doxia-core/1.11.1/doxia-core-1.11.1.jar:/home/connortuna/.m2/repository/org/apache/commons/commons-lang3/3.8.1/commons-lang3-3.8.1.jar:/home/connortuna/.m2/repository/org/apache/commons/commons-text/1.3/commons-text-1.3.jar:/home/connortuna/.m2/repository/org/apache/httpcomponents/httpclient/4.5.13/httpclient-4.5.13.jar:/home/connortuna/.m2/repository/commons-codec/commons-codec/1.11/commons-codec-1.11.jar:/home/connortuna/.m2/repository/org/apache/httpcomponents/httpcore/4.4.14/httpcore-4.4.14.jar:/home/connortuna/.m2/repository/org/apache/maven/doxia/doxia-decoration-model/1.11.1/doxia-decoration-model-1.11.1.jar:/home/connortuna/.m2/repository/org/apache/maven/doxia/doxia-site-renderer/1.11.1/doxia-site-renderer-1.11.1.jar:/home/connortuna/.m2/repository/org/apache/maven/doxia/doxia-skin-model/1.11.1/doxia-skin-model-1.11.1.jar:/home/connortuna/.m2/repository/org/apache/maven/doxia/doxia-module-xhtml/1.11.1/doxia-module-xhtml-1.11.1.jar:/home/connortuna/.m2/repository/org/apache/maven/doxia/doxia-module-xhtml5/1.11.1/doxia-module-xhtml5-1.11.1.jar:/home/connortuna/.m2/repository/org/codehaus/plexus/plexus-velocity/1.2/plexus-velocity-1.2.jar:/home/connortuna/.m2/repository/org/apache/velocity/velocity/1.7/velocity-1.7.jar:/home/connortuna/.m2/repository/org/apache/velocity/velocity-tools/2.0/velocity-tools-2.0.jar:/home/connortuna/.m2/repository/commons-chain/commons-chain/1.1/commons-chain-1.1.jar:/home/connortuna/.m2/repository/dom4j/dom4j/1.1/dom4j-1.1.jar:/home/connortuna/.m2/repository/oro/oro/2.0.8/oro-2.0.8.jar:/home/connortuna/.m2/repository/org/apache/maven/doxia/doxia-integration-tools/1.11.1/doxia-integration-tools-1.11.1.jar:/home/connortuna/.m2/repository/org/apache/maven/maven-model/2.2.1/maven-model-2.2.1.jar:/home/connortuna/.m2/repository/org/codehaus/plexus/plexus-i18n/1.0-beta-10/plexus-i18n-1.0-beta-10.jar:/home/connortuna/.m2/repository/org/codehaus/plexus/plexus-utils/3.4.2/plexus-utils-3.4.2.jar:/home/connortuna/.m2/repository/org/codehaus/plexus/plexus-interpolation/1.26/plexus-interpolation-1.26.jar:/home/connortuna/.m2/repository/commons-validator/commons-validator/1.7/commons-validator-1.7.jar:/home/connortuna/.m2/repository/commons-beanutils/commons-beanutils/1.9.4/commons-beanutils-1.9.4.jar:/home/connortuna/.m2/repository/commons-digester/commons-digester/2.1/commons-digester-2.1.jar:/home/connortuna/.m2/repository/commons-logging/commons-logging/1.2/commons-logging-1.2.jar:/home/connortuna/.m2/repository/commons-io/commons-io/2.11.0/commons-io-2.11.0.jar:"/>
    <property name="sun.cpu.endian" value="little"/>
    <property name="user.home" value="/home/connortuna"/>
    <property name="user.language" value="en"/>
    <property name="java.specification.vendor" value="Oracle Corporation"/>
    <property name="java.version.date" value="2022-10-18"/>
    <property name="java.home" value="/usr/lib/jvm/jdk-19"/>
    <property name="file.separator" value="/"/>
    <property name="basedir" value="/home/connortuna/project/Phase2"/>
    <property name="java.vm.compressedOopsMode" value="32-bit"/>
    <property name="line.separator" value="&#10;"/>
    <property name="java.specification.name" value="Java Platform API Specification"/>
    <property name="java.vm.specification.vendor" value="Oracle Corporation"/>
    <property name="sun.management.compiler" value="HotSpot 64-Bit Tiered Compilers"/>
    <property name="java.runtime.version" value="19.0.1+10-21"/>
    <property name="user.name" value="connortuna"/>
    <property name="stdout.encoding" value="UTF-8"/>
    <property name="path.separator" value=":"/>
    <property name="os.version" value="5.15.0-53-generic"/>
    <property name="java.runtime.name" value="Java(TM) SE Runtime Environment"/>
    <property name="file.encoding" value="UTF-8"/>
    <property name="java.vm.name" value="Java HotSpot(TM) 64-Bit Server VM"/>
    <property name="localRepository" value="/home/connortuna/.m2/repository"/>
    <property name="java.vendor.url.bug" value="https://bugreport.java.com/bugreport/"/>
    <property name="java.io.tmpdir" value="/tmp"/>
    <property name="java.version" value="19.0.1"/>
    <property name="user.dir" value="/home/connortuna/project/Phase2"/>
    <property name="os.arch" value="amd64"/>
    <property name="java.vm.specification.name" value="Java Virtual Machine Specification"/>
    <property name="native.encoding" value="UTF-8"/>
    <property name="java.library.path" value="/usr/java/packages/lib:/usr/lib64:/lib64:/lib:/usr/lib"/>
    <property name="java.vm.info" value="mixed mode, sharing"/>
    <property name="stderr.encoding" value="UTF-8"/>
    <property name="java.vendor" value="Oracle Corporation"/>
    <property name="java.vm.version" value="19.0.1+10-21"/>
    <property name="sun.io.unicode.encoding" value="UnicodeLittle"/>
    <property name="java.class.version" value="63.0"/>
  </properties>
  <testcase name="keyCardsInitiatedCorrectly" classname="main.AssetSetterTest" time="0.02"/>
  <testcase name="HolesInitiatedCorrectly" classname="main.AssetSetterTest" time="0.002"/>
  <testcase name="doorInitiatedCorrectlyFirstLevel" classname="main.AssetSetterTest" time="0.002"/>
  <testcase name="powerUpsInitiatedCorrectly" classname="main.AssetSetterTest" time="0.002"/>
</testsuite>