<?xml version="1.0" encoding="UTF-8"?>
<testsuite xmlns:xsi="http://www.w3.org/2001/XMLSchema-instance" xsi:noNamespaceSchemaLocation="https://maven.apache.org/surefire/maven-surefire-plugin/xsd/surefire-test-report-3.0.xsd" version="3.0" name="main.KeyHandlerTest" time="0.068" tests="10" errors="0" skipped="0" failures="0">
  <properties>
    <property name="java.specification.version" value="18"/>
    <property name="sun.jnu.encoding" value="UTF-8"/>
    <property name="sun.awt.enableExtraMouseButtons" value="true"/>
    <property name="java.class.path" value="/home/connortuna/project/Phase2/target/test-classes:/home/connortuna/project/Phase2/target/classes:/home/connortuna/.m2/repository/org/testng/testng/7.6.1/testng-7.6.1.jar:/home/connortuna/.m2/repository/com/google/code/findbugs/jsr305/3.0.2/jsr305-3.0.2.jar:/home/connortuna/.m2/repository/com/beust/jcommander/1.82/jcommander-1.82.jar:/home/connortuna/.m2/repository/org/webjars/jquery/3.6.0/jquery-3.6.0.jar:/home/connortuna/.m2/repository/org/junit/jupiter/junit-jupiter/5.9.0/junit-jupiter-5.9.0.jar:/home/connortuna/.m2/repository/org/junit/jupiter/junit-jupiter-api/5.9.0/junit-jupiter-api-5.9.0.jar:/home/connortuna/.m2/repository/org/opentest4j/opentest4j/1.2.0/opentest4j-1.2.0.jar:/home/connortuna/.m2/repository/org/junit/platform/junit-platform-commons/1.9.0/junit-platform-commons-1.9.0.jar:/home/connortuna/.m2/repository/org/apiguardian/apiguardian-api/1.1.2/apiguardian-api-1.1.2.jar:/home/connortuna/.m2/repository/org/junit/jupiter/junit-jupiter-params/5.9.0/junit-jupiter-params-5.9.0.jar:/home/connortuna/.m2/repository/org/junit/jupiter/junit-jupiter-engine/5.9.0/junit-jupiter-engine-5.9.0.jar:/home/connortuna/.m2/repository/org/junit/platform/junit-platform-engine/1.9.0/junit-platform-engine-1.9.0.jar:/home/connortuna/.m2/repository/org/slf4j/slf4j-api/2.0.3/slf4j-api-2.0.3.jar:/home/connortuna/.m2/repository/org/slf4j/slf4j-simple/2.0.3/slf4j-simple-2.0.3.jar:"/>
    <property name="java.vm.vendor" value="Oracle Corporation"/>
    <property name="sun.arch.data.model" value="64"/>
    <property name="java.vendor.url" value="https://java.oracle.com/"/>
    <property name="os.name" value="Linux"/>
    <property name="java.vm.specification.version" value="18"/>
    <property name="sun.java.launcher" value="SUN_STANDARD"/>
    <property name="user.country" value="CA"/>
    <property name="sun.boot.library.path" value="/home/connortuna/.jdks/openjdk-18.0.2.1/lib"/>
    <property name="sun.java.command" value="/home/connortuna/project/Phase2/target/surefire/surefirebooter-20221121205556509_3.jar /home/connortuna/project/Phase2/target/surefire 2022-11-21T20-55-56_257-jvmRun1 surefire-20221121205556509_1tmp surefire_0-20221121205556509_2tmp"/>
    <property name="jdk.debug" value="release"/>
    <property name="surefire.test.class.path" value="/home/connortuna/project/Phase2/target/test-classes:/home/connortuna/project/Phase2/target/classes:/home/connortuna/.m2/repository/org/testng/testng/7.6.1/testng-7.6.1.jar:/home/connortuna/.m2/repository/com/google/code/findbugs/jsr305/3.0.2/jsr305-3.0.2.jar:/home/connortuna/.m2/repository/com/beust/jcommander/1.82/jcommander-1.82.jar:/home/connortuna/.m2/repository/org/webjars/jquery/3.6.0/jquery-3.6.0.jar:/home/connortuna/.m2/repository/org/junit/jupiter/junit-jupiter/5.9.0/junit-jupiter-5.9.0.jar:/home/connortuna/.m2/repository/org/junit/jupiter/junit-jupiter-api/5.9.0/junit-jupiter-api-5.9.0.jar:/home/connortuna/.m2/repository/org/opentest4j/opentest4j/1.2.0/opentest4j-1.2.0.jar:/home/connortuna/.m2/repository/org/junit/platform/junit-platform-commons/1.9.0/junit-platform-commons-1.9.0.jar:/home/connortuna/.m2/repository/org/apiguardian/apiguardian-api/1.1.2/apiguardian-api-1.1.2.jar:/home/connortuna/.m2/repository/org/junit/jupiter/junit-jupiter-params/5.9.0/junit-jupiter-params-5.9.0.jar:/home/connortuna/.m2/repository/org/junit/jupiter/junit-jupiter-engine/5.9.0/junit-jupiter-engine-5.9.0.jar:/home/connortuna/.m2/repository/org/junit/platform/junit-platform-engine/1.9.0/junit-platform-engine-1.9.0.jar:/home/connortuna/.m2/repository/org/slf4j/slf4j-api/2.0.3/slf4j-api-2.0.3.jar:/home/connortuna/.m2/repository/org/slf4j/slf4j-simple/2.0.3/slf4j-simple-2.0.3.jar:"/>
    <property name="sun.cpu.endian" value="little"/>
    <property name="user.home" value="/home/connortuna"/>
    <property name="user.language" value="en"/>
    <property name="java.specification.vendor" value="Oracle Corporation"/>
    <property name="java.version.date" value="2022-08-18"/>
    <property name="java.home" value="/home/connortuna/.jdks/openjdk-18.0.2.1"/>
    <property name="file.separator" value="/"/>
    <property name="basedir" value="/home/connortuna/project/Phase2"/>
    <property name="java.vm.compressedOopsMode" value="32-bit"/>
    <property name="line.separator" value="&#10;"/>
    <property name="java.vm.specification.vendor" value="Oracle Corporation"/>
    <property name="java.specification.name" value="Java Platform API Specification"/>
    <property name="surefire.real.class.path" value="/home/connortuna/project/Phase2/target/surefire/surefirebooter-20221121205556509_3.jar"/>
    <property name="sun.management.compiler" value="HotSpot 64-Bit Tiered Compilers"/>
    <property name="java.runtime.version" value="18.0.2.1+1-1"/>
    <property name="user.name" value="connortuna"/>
    <property name="path.separator" value=":"/>
    <property name="os.version" value="5.15.0-53-generic"/>
    <property name="java.runtime.name" value="OpenJDK Runtime Environment"/>
    <property name="file.encoding" value="UTF-8"/>
    <property name="java.vm.name" value="OpenJDK 64-Bit Server VM"/>
    <property name="localRepository" value="/home/connortuna/.m2/repository"/>
    <property name="java.vendor.url.bug" value="https://bugreport.java.com/bugreport/"/>
    <property name="java.io.tmpdir" value="/tmp"/>
    <property name="idea.version" value="2022.2.3"/>
    <property name="java.version" value="18.0.2.1"/>
    <property name="user.dir" value="/home/connortuna/project/Phase2"/>
    <property name="os.arch" value="amd64"/>
    <property name="java.vm.specification.name" value="Java Virtual Machine Specification"/>
    <property name="native.encoding" value="UTF-8"/>
    <property name="java.library.path" value="/usr/java/packages/lib:/usr/lib64:/lib64:/lib:/usr/lib"/>
    <property name="java.vm.info" value="mixed mode, sharing"/>
    <property name="java.vendor" value="Oracle Corporation"/>
    <property name="java.vm.version" value="18.0.2.1+1-1"/>
    <property name="sun.io.unicode.encoding" value="UnicodeLittle"/>
    <property name="java.class.version" value="62.0"/>
  </properties>
  <testcase name="MainCharacterMovesRightWhenRightKeyPressed" classname="main.KeyHandlerTest" time="0.005"/>
  <testcase name="GameContinueAfterWinningWhenKeyPressed" classname="main.KeyHandlerTest" time="0.008"/>
  <testcase name="InstructionsDisplayedWhenIIsPressed" classname="main.KeyHandlerTest" time="0.006"/>
  <testcase name="GameContinueAfterLosingWhenKeyPressed" classname="main.KeyHandlerTest" time="0.004"/>
  <testcase name="GameRestartAfterWinningWhenKeyPressed" classname="main.KeyHandlerTest" time="0.004"/>
  <testcase name="MainCharacterMovesLeftWhenLeftKeyPressed" classname="main.KeyHandlerTest" time="0.004"/>
  <testcase name="MainCharacterMovesUpWhenUpKeyPressed" classname="main.KeyHandlerTest" time="0.005"/>
  <testcase name="GameRestartAfterLosingWhenKeyPressed" classname="main.KeyHandlerTest" time="0.004"/>
  <testcase name="MainCharacterMovesDownWhenDownKeyPressed" classname="main.KeyHandlerTest" time="0.008"/>
  <testcase name="GamePausesWhenPIsPressed" classname="main.KeyHandlerTest" time="0.007"/>
</testsuite>